<?xml version="1.0" encoding="UTF-8"?>
<!-- Generated by org.testng.reporters.JUnitReportReporter -->
<testsuite skipped="0" hostname="Pavels-MBP.home" name="AirportTest" tests="5" failures="0" timestamp="2021-03-30T14:42:00 EDT" time="0.007" errors="0">
  <testcase name="testGetTransportMilitaryPlanes" time="0.000" classname="AirportTest"/>
  <testcase name="testHasAtLeastOneBomberInMilitaryPlanes" time="0.000" classname="AirportTest"/>
  <testcase name="testGetPassengerPlaneWithMaxCapacity" time="0.000" classname="AirportTest"/>
  <testcase name="testExperimentalPlanesHasClassificationLevelHigherThanUnclassified" time="0.007" classname="AirportTest"/>
  <testcase name="testSortPlanesByMaxLoadCapacity" time="0.000" classname="AirportTest"/>
</testsuite> <!-- AirportTest -->
